<?xml version="1.0" encoding="utf-8"?><testsuites name="pytest tests"><testsuite name="pytest" errors="0" failures="0" skipped="0" tests="22" time="7.144" timestamp="2026-02-27T18:51:32.301280+00:00" hostname="agent-env-a37f8c41-2d50-49a0-b377-fcba5c827df3"><testcase classname="backend.tests.test_products_orders.TestAuth" name="test_admin_login_success" time="0.517" /><testcase classname="backend.tests.test_products_orders.TestAuth" name="test_login_invalid_credentials" time="0.126" /><testcase classname="backend.tests.test_products_orders.TestProducts" name="test_list_products" time="0.462" /><testcase classname="backend.tests.test_products_orders.TestProducts" name="test_list_products_by_branch" time="0.365" /><testcase classname="backend.tests.test_products_orders.TestProducts" name="test_list_products_by_category" time="0.131" /><testcase classname="backend.tests.test_products_orders.TestProducts" name="test_create_product" time="0.236" /><testcase classname="backend.tests.test_products_orders.TestProducts" name="test_create_product_duplicate_sku_fails" time="0.252" /><testcase classname="backend.tests.test_products_orders.TestProducts" name="test_get_product_by_id" time="0.248" /><testcase classname="backend.tests.test_products_orders.TestProducts" name="test_get_nonexistent_product_returns_404" time="0.116" /><testcase classname="backend.tests.test_products_orders.TestProducts" name="test_update_product" time="0.371" /><testcase classname="backend.tests.test_products_orders.TestOrders" name="test_list_orders" time="0.112" /><testcase classname="backend.tests.test_products_orders.TestOrders" name="test_create_order" time="0.230" /><testcase classname="backend.tests.test_products_orders.TestOrders" name="test_create_order_with_invalid_product_fails" time="0.124" /><testcase classname="backend.tests.test_products_orders.TestOrders" name="test_confirm_order" time="0.345" /><testcase classname="backend.tests.test_products_orders.TestOrders" name="test_confirm_already_confirmed_fails" time="0.467" /><testcase classname="backend.tests.test_products_orders.TestOrders" name="test_pay_order" time="0.504" /><testcase classname="backend.tests.test_products_orders.TestOrders" name="test_pay_already_paid_fails" time="0.510" /><testcase classname="backend.tests.test_products_orders.TestOrders" name="test_cancel_order" time="0.522" /><testcase classname="backend.tests.test_products_orders.TestOrders" name="test_cancel_already_cancelled_fails" time="0.513" /><testcase classname="backend.tests.test_products_orders.TestOrders" name="test_get_order_by_id" time="0.437" /><testcase classname="backend.tests.test_products_orders.TestOrders" name="test_get_nonexistent_order_returns_404" time="0.128" /><testcase classname="backend.tests.test_products_orders.TestOrderTotals" name="test_order_totals_calculation" time="0.282" /></testsuite></testsuites>