<?xml version="1.0" encoding="utf-8"?><testsuites name="pytest tests"><testsuite name="pytest" errors="0" failures="0" skipped="0" tests="19" time="8.610" timestamp="2026-02-27T19:12:38.377095+00:00" hostname="agent-env-a37f8c41-2d50-49a0-b377-fcba5c827df3"><testcase classname="backend.tests.test_checkin_flow.TestCustomerRegistration" name="test_register_new_customer_success" time="0.663" /><testcase classname="backend.tests.test_checkin_flow.TestCustomerRegistration" name="test_register_customer_age_over_4_fails" time="0.134" /><testcase classname="backend.tests.test_checkin_flow.TestCustomerRegistration" name="test_register_customer_duplicate_card_fails" time="0.111" /><testcase classname="backend.tests.test_checkin_flow.TestGetCustomerByCard" name="test_get_customer_by_card_success" time="0.595" /><testcase classname="backend.tests.test_checkin_flow.TestGetCustomerByCard" name="test_get_customer_by_card_not_found" time="0.111" /><testcase classname="backend.tests.test_checkin_flow.TestWaiverAcceptance" name="test_waiver_acceptance_flow" time="0.680" /><testcase classname="backend.tests.test_checkin_flow.TestCardScan" name="test_scan_new_card_returns_new_card_status" time="0.587" /><testcase classname="backend.tests.test_checkin_flow.TestCardScan" name="test_scan_registered_card_without_waiver" time="0.243" /><testcase classname="backend.tests.test_checkin_flow.TestCardScan" name="test_scan_ready_to_checkin" time="0.386" /><testcase classname="backend.tests.test_checkin_flow.TestCheckInCheckOut" name="test_checkin_hourly_success" time="0.765" /><testcase classname="backend.tests.test_checkin_flow.TestCheckInCheckOut" name="test_checkin_already_checked_in_fails" time="0.112" /><testcase classname="backend.tests.test_checkin_flow.TestCheckInCheckOut" name="test_checkout_success" time="0.120" /><testcase classname="backend.tests.test_checkin_flow.TestCheckInCheckOut" name="test_checkout_invalid_session_fails" time="0.146" /><testcase classname="backend.tests.test_checkin_flow.TestActiveSessions" name="test_get_active_sessions" time="0.468" /><testcase classname="backend.tests.test_checkin_flow.TestSubscriptions" name="test_create_subscription_success" time="0.575" /><testcase classname="backend.tests.test_checkin_flow.TestSubscriptions" name="test_activate_subscription_success" time="0.113" /><testcase classname="backend.tests.test_checkin_flow.TestSubscriptions" name="test_create_duplicate_subscription_fails" time="0.130" /><testcase classname="backend.tests.test_checkin_flow.TestCheckinWithSubscription" name="test_checkin_with_subscription" time="1.157" /><testcase classname="backend.tests.test_checkin_flow.TestSubscriptionAutoActivation" name="test_pending_subscription_auto_activates_on_checkin" time="1.370" /></testsuite></testsuites>